  Callback.cpp
C:\Users\sandr\source\repos\Narwhalsss360\NarsLibs\NALibs\NEvents\src\Callback.cpp : warning C4117: macro name '__cplusplus' is reserved, '#define' ignored
C:\Users\sandr\source\repos\Narwhalsss360\NarsLibs\NALibs\Tests\NEvents\NEvents Test 1\__vm\.NEvents Test 1.vsarduino.h(16,1): warning C4005: '__AVR_atmega328p__': macro redefinition
C:\Users\sandr\source\repos\Narwhalsss360\NarsLibs\NALibs\Tests\NEvents\NEvents Test 1\__vm\.NEvents Test 1.vsarduino.h(16,1): message : '__AVR_atmega328p__' previously declared on the command line
C:\Users\sandr\source\repos\Narwhalsss360\NarsLibs\NALibs\Tests\NEvents\NEvents Test 1\__vm\.NEvents Test 1.vsarduino.h(17,1): warning C4005: '__AVR_ATmega328P__': macro redefinition
C:\Users\sandr\source\repos\Narwhalsss360\NarsLibs\NALibs\Tests\NEvents\NEvents Test 1\__vm\.NEvents Test 1.vsarduino.h(17,1): message : '__AVR_ATmega328P__' previously declared on the command line
C:\Users\sandr\source\repos\Narwhalsss360\NarsLibs\NALibs\Tests\NEvents\NEvents Test 1\__vm\.NEvents Test 1.vsarduino.h(18,1): warning C4005: '__AVR_ATmega328p__': macro redefinition
C:\Users\sandr\source\repos\Narwhalsss360\NarsLibs\NALibs\Tests\NEvents\NEvents Test 1\__vm\.NEvents Test 1.vsarduino.h(18,1): message : '__AVR_ATmega328p__' previously declared on the command line
C:\Users\sandr\source\repos\Narwhalsss360\NarsLibs\NALibs\Tests\NEvents\NEvents Test 1\__vm\.NEvents Test 1.vsarduino.h(21,1): warning C4005: 'ARDUINO_AVR_UNO': macro redefinition
C:\Users\sandr\source\repos\Narwhalsss360\NarsLibs\NALibs\Tests\NEvents\NEvents Test 1\__vm\.NEvents Test 1.vsarduino.h(21,1): message : 'ARDUINO_AVR_UNO' previously declared on the command line
C:\Users\sandr\source\repos\Narwhalsss360\NarsLibs\NALibs\Tests\NEvents\NEvents Test 1\__vm\.NEvents Test 1.vsarduino.h(22,1): warning C4005: 'ARDUINO_ARCH_AVR': macro redefinition
C:\Users\sandr\source\repos\Narwhalsss360\NarsLibs\NALibs\Tests\NEvents\NEvents Test 1\__vm\.NEvents Test 1.vsarduino.h(22,1): message : 'ARDUINO_ARCH_AVR' previously declared on the command line
C:\Users\sandr\source\repos\Narwhalsss360\NarsLibs\NALibs\Tests\NEvents\NEvents Test 1\__vm\.NEvents Test 1.vsarduino.h(23,1): warning C4117: macro name '__cplusplus' is reserved, '#define' ignored
C:\Users\sandr\source\repos\Narwhalsss360\NarsLibs\NALibs\Tests\NEvents\NEvents Test 1\__vm\.NEvents Test 1.vsarduino.h(32,1): warning C4117: macro name '__cplusplus' is reserved, '#undef' ignored
C:\Users\sandr\source\repos\Narwhalsss360\NarsLibs\NALibs\Tests\NEvents\NEvents Test 1\__vm\.NEvents Test 1.vsarduino.h(33,1): warning C4117: macro name '__cplusplus' is reserved, '#define' ignored
C:\Users\sandr\AppData\Local\arduino15\packages\arduino\tools\avr-gcc\7.3.0-atmel3.6.1-arduino7\lib\gcc\avr\7.3.0\include\stddef.h(216,23): error C2371: 'size_t': redefinition; different basic types
C:\Users\sandr\source\repos\Narwhalsss360\NarsLibs\NALibs\Tests\NEvents\NEvents Test 1\predefined C++ types (compiler internal)(16): message : see declaration of 'size_t'
C:\Users\sandr\AppData\Local\arduino15\packages\arduino\tools\avr-gcc\7.3.0-atmel3.6.1-arduino7\avr\include\stdlib.h(73,3): error C2371: 'div_t': redefinition; different basic types
C:\Users\sandr\source\repos\Narwhalsss360\NarsLibs\NALibs\Tests\NEvents\NEvents Test 1\__vm\.NEvents Test 1.vsarduino.h(65): message : see declaration of 'div_t'
C:\Users\sandr\AppData\Local\arduino15\packages\arduino\tools\avr-gcc\7.3.0-atmel3.6.1-arduino7\avr\include\stdlib.h(79,3): error C2371: 'ldiv_t': redefinition; different basic types
C:\Users\sandr\source\repos\Narwhalsss360\NarsLibs\NALibs\Tests\NEvents\NEvents Test 1\__vm\.NEvents Test 1.vsarduino.h(66): message : see declaration of 'ldiv_t'
C:\Users\sandr\AppData\Local\arduino15\packages\arduino\tools\avr-gcc\7.3.0-atmel3.6.1-arduino7\lib\gcc\avr\7.3.0\include\stdint.h(9,1): fatal error C1021: invalid preprocessor command 'include_next'
  EventArgs.cpp
C:\Users\sandr\source\repos\Narwhalsss360\NarsLibs\NALibs\NEvents\src\EventArgs.cpp : warning C4117: macro name '__cplusplus' is reserved, '#define' ignored
C:\Users\sandr\source\repos\Narwhalsss360\NarsLibs\NALibs\Tests\NEvents\NEvents Test 1\__vm\.NEvents Test 1.vsarduino.h(16,1): warning C4005: '__AVR_atmega328p__': macro redefinition
C:\Users\sandr\source\repos\Narwhalsss360\NarsLibs\NALibs\Tests\NEvents\NEvents Test 1\__vm\.NEvents Test 1.vsarduino.h(16,1): message : '__AVR_atmega328p__' previously declared on the command line
C:\Users\sandr\source\repos\Narwhalsss360\NarsLibs\NALibs\Tests\NEvents\NEvents Test 1\__vm\.NEvents Test 1.vsarduino.h(17,1): warning C4005: '__AVR_ATmega328P__': macro redefinition
C:\Users\sandr\source\repos\Narwhalsss360\NarsLibs\NALibs\Tests\NEvents\NEvents Test 1\__vm\.NEvents Test 1.vsarduino.h(17,1): message : '__AVR_ATmega328P__' previously declared on the command line
C:\Users\sandr\source\repos\Narwhalsss360\NarsLibs\NALibs\Tests\NEvents\NEvents Test 1\__vm\.NEvents Test 1.vsarduino.h(18,1): warning C4005: '__AVR_ATmega328p__': macro redefinition
C:\Users\sandr\source\repos\Narwhalsss360\NarsLibs\NALibs\Tests\NEvents\NEvents Test 1\__vm\.NEvents Test 1.vsarduino.h(18,1): message : '__AVR_ATmega328p__' previously declared on the command line
C:\Users\sandr\source\repos\Narwhalsss360\NarsLibs\NALibs\Tests\NEvents\NEvents Test 1\__vm\.NEvents Test 1.vsarduino.h(21,1): warning C4005: 'ARDUINO_AVR_UNO': macro redefinition
C:\Users\sandr\source\repos\Narwhalsss360\NarsLibs\NALibs\Tests\NEvents\NEvents Test 1\__vm\.NEvents Test 1.vsarduino.h(21,1): message : 'ARDUINO_AVR_UNO' previously declared on the command line
C:\Users\sandr\source\repos\Narwhalsss360\NarsLibs\NALibs\Tests\NEvents\NEvents Test 1\__vm\.NEvents Test 1.vsarduino.h(22,1): warning C4005: 'ARDUINO_ARCH_AVR': macro redefinition
C:\Users\sandr\source\repos\Narwhalsss360\NarsLibs\NALibs\Tests\NEvents\NEvents Test 1\__vm\.NEvents Test 1.vsarduino.h(22,1): message : 'ARDUINO_ARCH_AVR' previously declared on the command line
C:\Users\sandr\source\repos\Narwhalsss360\NarsLibs\NALibs\Tests\NEvents\NEvents Test 1\__vm\.NEvents Test 1.vsarduino.h(23,1): warning C4117: macro name '__cplusplus' is reserved, '#define' ignored
C:\Users\sandr\source\repos\Narwhalsss360\NarsLibs\NALibs\Tests\NEvents\NEvents Test 1\__vm\.NEvents Test 1.vsarduino.h(32,1): warning C4117: macro name '__cplusplus' is reserved, '#undef' ignored
C:\Users\sandr\source\repos\Narwhalsss360\NarsLibs\NALibs\Tests\NEvents\NEvents Test 1\__vm\.NEvents Test 1.vsarduino.h(33,1): warning C4117: macro name '__cplusplus' is reserved, '#define' ignored
C:\Users\sandr\AppData\Local\arduino15\packages\arduino\tools\avr-gcc\7.3.0-atmel3.6.1-arduino7\lib\gcc\avr\7.3.0\include\stddef.h(216,23): error C2371: 'size_t': redefinition; different basic types
C:\Users\sandr\source\repos\Narwhalsss360\NarsLibs\NALibs\Tests\NEvents\NEvents Test 1\predefined C++ types (compiler internal)(16): message : see declaration of 'size_t'
C:\Users\sandr\AppData\Local\arduino15\packages\arduino\tools\avr-gcc\7.3.0-atmel3.6.1-arduino7\avr\include\stdlib.h(73,3): error C2371: 'div_t': redefinition; different basic types
C:\Users\sandr\source\repos\Narwhalsss360\NarsLibs\NALibs\Tests\NEvents\NEvents Test 1\__vm\.NEvents Test 1.vsarduino.h(65): message : see declaration of 'div_t'
C:\Users\sandr\AppData\Local\arduino15\packages\arduino\tools\avr-gcc\7.3.0-atmel3.6.1-arduino7\avr\include\stdlib.h(79,3): error C2371: 'ldiv_t': redefinition; different basic types
C:\Users\sandr\source\repos\Narwhalsss360\NarsLibs\NALibs\Tests\NEvents\NEvents Test 1\__vm\.NEvents Test 1.vsarduino.h(66): message : see declaration of 'ldiv_t'
C:\Users\sandr\AppData\Local\arduino15\packages\arduino\tools\avr-gcc\7.3.0-atmel3.6.1-arduino7\lib\gcc\avr\7.3.0\include\stdint.h(9,1): fatal error C1021: invalid preprocessor command 'include_next'
  NEvents.cpp
C:\Users\sandr\source\repos\Narwhalsss360\NarsLibs\NALibs\NEvents\src\NEvents.cpp : warning C4117: macro name '__cplusplus' is reserved, '#define' ignored
C:\Users\sandr\source\repos\Narwhalsss360\NarsLibs\NALibs\Tests\NEvents\NEvents Test 1\__vm\.NEvents Test 1.vsarduino.h(16,1): warning C4005: '__AVR_atmega328p__': macro redefinition
C:\Users\sandr\source\repos\Narwhalsss360\NarsLibs\NALibs\Tests\NEvents\NEvents Test 1\__vm\.NEvents Test 1.vsarduino.h(16,1): message : '__AVR_atmega328p__' previously declared on the command line
C:\Users\sandr\source\repos\Narwhalsss360\NarsLibs\NALibs\Tests\NEvents\NEvents Test 1\__vm\.NEvents Test 1.vsarduino.h(17,1): warning C4005: '__AVR_ATmega328P__': macro redefinition
C:\Users\sandr\source\repos\Narwhalsss360\NarsLibs\NALibs\Tests\NEvents\NEvents Test 1\__vm\.NEvents Test 1.vsarduino.h(17,1): message : '__AVR_ATmega328P__' previously declared on the command line
C:\Users\sandr\source\repos\Narwhalsss360\NarsLibs\NALibs\Tests\NEvents\NEvents Test 1\__vm\.NEvents Test 1.vsarduino.h(18,1): warning C4005: '__AVR_ATmega328p__': macro redefinition
C:\Users\sandr\source\repos\Narwhalsss360\NarsLibs\NALibs\Tests\NEvents\NEvents Test 1\__vm\.NEvents Test 1.vsarduino.h(18,1): message : '__AVR_ATmega328p__' previously declared on the command line
C:\Users\sandr\source\repos\Narwhalsss360\NarsLibs\NALibs\Tests\NEvents\NEvents Test 1\__vm\.NEvents Test 1.vsarduino.h(21,1): warning C4005: 'ARDUINO_AVR_UNO': macro redefinition
C:\Users\sandr\source\repos\Narwhalsss360\NarsLibs\NALibs\Tests\NEvents\NEvents Test 1\__vm\.NEvents Test 1.vsarduino.h(21,1): message : 'ARDUINO_AVR_UNO' previously declared on the command line
C:\Users\sandr\source\repos\Narwhalsss360\NarsLibs\NALibs\Tests\NEvents\NEvents Test 1\__vm\.NEvents Test 1.vsarduino.h(22,1): warning C4005: 'ARDUINO_ARCH_AVR': macro redefinition
C:\Users\sandr\source\repos\Narwhalsss360\NarsLibs\NALibs\Tests\NEvents\NEvents Test 1\__vm\.NEvents Test 1.vsarduino.h(22,1): message : 'ARDUINO_ARCH_AVR' previously declared on the command line
C:\Users\sandr\source\repos\Narwhalsss360\NarsLibs\NALibs\Tests\NEvents\NEvents Test 1\__vm\.NEvents Test 1.vsarduino.h(23,1): warning C4117: macro name '__cplusplus' is reserved, '#define' ignored
C:\Users\sandr\source\repos\Narwhalsss360\NarsLibs\NALibs\Tests\NEvents\NEvents Test 1\__vm\.NEvents Test 1.vsarduino.h(32,1): warning C4117: macro name '__cplusplus' is reserved, '#undef' ignored
C:\Users\sandr\source\repos\Narwhalsss360\NarsLibs\NALibs\Tests\NEvents\NEvents Test 1\__vm\.NEvents Test 1.vsarduino.h(33,1): warning C4117: macro name '__cplusplus' is reserved, '#define' ignored
C:\Users\sandr\AppData\Local\arduino15\packages\arduino\tools\avr-gcc\7.3.0-atmel3.6.1-arduino7\lib\gcc\avr\7.3.0\include\stddef.h(216,23): error C2371: 'size_t': redefinition; different basic types
C:\Users\sandr\source\repos\Narwhalsss360\NarsLibs\NALibs\Tests\NEvents\NEvents Test 1\predefined C++ types (compiler internal)(16): message : see declaration of 'size_t'
C:\Users\sandr\AppData\Local\arduino15\packages\arduino\tools\avr-gcc\7.3.0-atmel3.6.1-arduino7\avr\include\stdlib.h(73,3): error C2371: 'div_t': redefinition; different basic types
C:\Users\sandr\source\repos\Narwhalsss360\NarsLibs\NALibs\Tests\NEvents\NEvents Test 1\__vm\.NEvents Test 1.vsarduino.h(65): message : see declaration of 'div_t'
C:\Users\sandr\AppData\Local\arduino15\packages\arduino\tools\avr-gcc\7.3.0-atmel3.6.1-arduino7\avr\include\stdlib.h(79,3): error C2371: 'ldiv_t': redefinition; different basic types
C:\Users\sandr\source\repos\Narwhalsss360\NarsLibs\NALibs\Tests\NEvents\NEvents Test 1\__vm\.NEvents Test 1.vsarduino.h(66): message : see declaration of 'ldiv_t'
C:\Users\sandr\AppData\Local\arduino15\packages\arduino\tools\avr-gcc\7.3.0-atmel3.6.1-arduino7\lib\gcc\avr\7.3.0\include\stdint.h(9,1): fatal error C1021: invalid preprocessor command 'include_next'
  SecondsCounterExample.cpp
C:\Users\sandr\source\repos\Narwhalsss360\NarsLibs\NALibs\NEvents\src\SecondsCounterExample.cpp : warning C4117: macro name '__cplusplus' is reserved, '#define' ignored
C:\Users\sandr\source\repos\Narwhalsss360\NarsLibs\NALibs\Tests\NEvents\NEvents Test 1\__vm\.NEvents Test 1.vsarduino.h(16,1): warning C4005: '__AVR_atmega328p__': macro redefinition
C:\Users\sandr\source\repos\Narwhalsss360\NarsLibs\NALibs\Tests\NEvents\NEvents Test 1\__vm\.NEvents Test 1.vsarduino.h(16,1): message : '__AVR_atmega328p__' previously declared on the command line
C:\Users\sandr\source\repos\Narwhalsss360\NarsLibs\NALibs\Tests\NEvents\NEvents Test 1\__vm\.NEvents Test 1.vsarduino.h(17,1): warning C4005: '__AVR_ATmega328P__': macro redefinition
C:\Users\sandr\source\repos\Narwhalsss360\NarsLibs\NALibs\Tests\NEvents\NEvents Test 1\__vm\.NEvents Test 1.vsarduino.h(17,1): message : '__AVR_ATmega328P__' previously declared on the command line
C:\Users\sandr\source\repos\Narwhalsss360\NarsLibs\NALibs\Tests\NEvents\NEvents Test 1\__vm\.NEvents Test 1.vsarduino.h(18,1): warning C4005: '__AVR_ATmega328p__': macro redefinition
C:\Users\sandr\source\repos\Narwhalsss360\NarsLibs\NALibs\Tests\NEvents\NEvents Test 1\__vm\.NEvents Test 1.vsarduino.h(18,1): message : '__AVR_ATmega328p__' previously declared on the command line
C:\Users\sandr\source\repos\Narwhalsss360\NarsLibs\NALibs\Tests\NEvents\NEvents Test 1\__vm\.NEvents Test 1.vsarduino.h(21,1): warning C4005: 'ARDUINO_AVR_UNO': macro redefinition
C:\Users\sandr\source\repos\Narwhalsss360\NarsLibs\NALibs\Tests\NEvents\NEvents Test 1\__vm\.NEvents Test 1.vsarduino.h(21,1): message : 'ARDUINO_AVR_UNO' previously declared on the command line
C:\Users\sandr\source\repos\Narwhalsss360\NarsLibs\NALibs\Tests\NEvents\NEvents Test 1\__vm\.NEvents Test 1.vsarduino.h(22,1): warning C4005: 'ARDUINO_ARCH_AVR': macro redefinition
C:\Users\sandr\source\repos\Narwhalsss360\NarsLibs\NALibs\Tests\NEvents\NEvents Test 1\__vm\.NEvents Test 1.vsarduino.h(22,1): message : 'ARDUINO_ARCH_AVR' previously declared on the command line
C:\Users\sandr\source\repos\Narwhalsss360\NarsLibs\NALibs\Tests\NEvents\NEvents Test 1\__vm\.NEvents Test 1.vsarduino.h(23,1): warning C4117: macro name '__cplusplus' is reserved, '#define' ignored
C:\Users\sandr\source\repos\Narwhalsss360\NarsLibs\NALibs\Tests\NEvents\NEvents Test 1\__vm\.NEvents Test 1.vsarduino.h(32,1): warning C4117: macro name '__cplusplus' is reserved, '#undef' ignored
C:\Users\sandr\source\repos\Narwhalsss360\NarsLibs\NALibs\Tests\NEvents\NEvents Test 1\__vm\.NEvents Test 1.vsarduino.h(33,1): warning C4117: macro name '__cplusplus' is reserved, '#define' ignored
C:\Users\sandr\AppData\Local\arduino15\packages\arduino\tools\avr-gcc\7.3.0-atmel3.6.1-arduino7\lib\gcc\avr\7.3.0\include\stddef.h(216,23): error C2371: 'size_t': redefinition; different basic types
C:\Users\sandr\source\repos\Narwhalsss360\NarsLibs\NALibs\Tests\NEvents\NEvents Test 1\predefined C++ types (compiler internal)(16): message : see declaration of 'size_t'
C:\Users\sandr\AppData\Local\arduino15\packages\arduino\tools\avr-gcc\7.3.0-atmel3.6.1-arduino7\avr\include\stdlib.h(73,3): error C2371: 'div_t': redefinition; different basic types
C:\Users\sandr\source\repos\Narwhalsss360\NarsLibs\NALibs\Tests\NEvents\NEvents Test 1\__vm\.NEvents Test 1.vsarduino.h(65): message : see declaration of 'div_t'
C:\Users\sandr\AppData\Local\arduino15\packages\arduino\tools\avr-gcc\7.3.0-atmel3.6.1-arduino7\avr\include\stdlib.h(79,3): error C2371: 'ldiv_t': redefinition; different basic types
C:\Users\sandr\source\repos\Narwhalsss360\NarsLibs\NALibs\Tests\NEvents\NEvents Test 1\__vm\.NEvents Test 1.vsarduino.h(66): message : see declaration of 'ldiv_t'
C:\Users\sandr\AppData\Local\arduino15\packages\arduino\tools\avr-gcc\7.3.0-atmel3.6.1-arduino7\lib\gcc\avr\7.3.0\include\stdint.h(9,1): fatal error C1021: invalid preprocessor command 'include_next'
  Events.cpp
c1xx : fatal error C1083: Cannot open source file: 'C:\Users\sandr\source\repos\Narwhalsss360\NarsLibs\NALibs\NTimer\src\Events.cpp': No such file or directory
  NTimer.cpp
C:\Users\sandr\source\repos\Narwhalsss360\NarsLibs\NALibs\NTimer\src\NTimer.cpp : warning C4117: macro name '__cplusplus' is reserved, '#define' ignored
C:\Users\sandr\source\repos\Narwhalsss360\NarsLibs\NALibs\Tests\NEvents\NEvents Test 1\__vm\.NEvents Test 1.vsarduino.h(16,1): warning C4005: '__AVR_atmega328p__': macro redefinition
C:\Users\sandr\source\repos\Narwhalsss360\NarsLibs\NALibs\Tests\NEvents\NEvents Test 1\__vm\.NEvents Test 1.vsarduino.h(16,1): message : '__AVR_atmega328p__' previously declared on the command line
C:\Users\sandr\source\repos\Narwhalsss360\NarsLibs\NALibs\Tests\NEvents\NEvents Test 1\__vm\.NEvents Test 1.vsarduino.h(17,1): warning C4005: '__AVR_ATmega328P__': macro redefinition
C:\Users\sandr\source\repos\Narwhalsss360\NarsLibs\NALibs\Tests\NEvents\NEvents Test 1\__vm\.NEvents Test 1.vsarduino.h(17,1): message : '__AVR_ATmega328P__' previously declared on the command line
C:\Users\sandr\source\repos\Narwhalsss360\NarsLibs\NALibs\Tests\NEvents\NEvents Test 1\__vm\.NEvents Test 1.vsarduino.h(18,1): warning C4005: '__AVR_ATmega328p__': macro redefinition
C:\Users\sandr\source\repos\Narwhalsss360\NarsLibs\NALibs\Tests\NEvents\NEvents Test 1\__vm\.NEvents Test 1.vsarduino.h(18,1): message : '__AVR_ATmega328p__' previously declared on the command line
C:\Users\sandr\source\repos\Narwhalsss360\NarsLibs\NALibs\Tests\NEvents\NEvents Test 1\__vm\.NEvents Test 1.vsarduino.h(21,1): warning C4005: 'ARDUINO_AVR_UNO': macro redefinition
C:\Users\sandr\source\repos\Narwhalsss360\NarsLibs\NALibs\Tests\NEvents\NEvents Test 1\__vm\.NEvents Test 1.vsarduino.h(21,1): message : 'ARDUINO_AVR_UNO' previously declared on the command line
C:\Users\sandr\source\repos\Narwhalsss360\NarsLibs\NALibs\Tests\NEvents\NEvents Test 1\__vm\.NEvents Test 1.vsarduino.h(22,1): warning C4005: 'ARDUINO_ARCH_AVR': macro redefinition
C:\Users\sandr\source\repos\Narwhalsss360\NarsLibs\NALibs\Tests\NEvents\NEvents Test 1\__vm\.NEvents Test 1.vsarduino.h(22,1): message : 'ARDUINO_ARCH_AVR' previously declared on the command line
C:\Users\sandr\source\repos\Narwhalsss360\NarsLibs\NALibs\Tests\NEvents\NEvents Test 1\__vm\.NEvents Test 1.vsarduino.h(23,1): warning C4117: macro name '__cplusplus' is reserved, '#define' ignored
C:\Users\sandr\source\repos\Narwhalsss360\NarsLibs\NALibs\Tests\NEvents\NEvents Test 1\__vm\.NEvents Test 1.vsarduino.h(32,1): warning C4117: macro name '__cplusplus' is reserved, '#undef' ignored
C:\Users\sandr\source\repos\Narwhalsss360\NarsLibs\NALibs\Tests\NEvents\NEvents Test 1\__vm\.NEvents Test 1.vsarduino.h(33,1): warning C4117: macro name '__cplusplus' is reserved, '#define' ignored
C:\Users\sandr\AppData\Local\arduino15\packages\arduino\tools\avr-gcc\7.3.0-atmel3.6.1-arduino7\lib\gcc\avr\7.3.0\include\stddef.h(216,23): error C2371: 'size_t': redefinition; different basic types
C:\Users\sandr\source\repos\Narwhalsss360\NarsLibs\NALibs\Tests\NEvents\NEvents Test 1\predefined C++ types (compiler internal)(16): message : see declaration of 'size_t'
C:\Users\sandr\AppData\Local\arduino15\packages\arduino\tools\avr-gcc\7.3.0-atmel3.6.1-arduino7\avr\include\stdlib.h(73,3): error C2371: 'div_t': redefinition; different basic types
C:\Users\sandr\source\repos\Narwhalsss360\NarsLibs\NALibs\Tests\NEvents\NEvents Test 1\__vm\.NEvents Test 1.vsarduino.h(65): message : see declaration of 'div_t'
C:\Users\sandr\AppData\Local\arduino15\packages\arduino\tools\avr-gcc\7.3.0-atmel3.6.1-arduino7\avr\include\stdlib.h(79,3): error C2371: 'ldiv_t': redefinition; different basic types
C:\Users\sandr\source\repos\Narwhalsss360\NarsLibs\NALibs\Tests\NEvents\NEvents Test 1\__vm\.NEvents Test 1.vsarduino.h(66): message : see declaration of 'ldiv_t'
C:\Users\sandr\AppData\Local\arduino15\packages\arduino\tools\avr-gcc\7.3.0-atmel3.6.1-arduino7\lib\gcc\avr\7.3.0\include\stdint.h(9,1): fatal error C1021: invalid preprocessor command 'include_next'
  TimeLiterals.cpp
C:\Users\sandr\source\repos\Narwhalsss360\NarsLibs\NALibs\NTimer\src\TimeLiterals.cpp : warning C4117: macro name '__cplusplus' is reserved, '#define' ignored
C:\Users\sandr\source\repos\Narwhalsss360\NarsLibs\NALibs\Tests\NEvents\NEvents Test 1\__vm\.NEvents Test 1.vsarduino.h(16,1): warning C4005: '__AVR_atmega328p__': macro redefinition
C:\Users\sandr\source\repos\Narwhalsss360\NarsLibs\NALibs\Tests\NEvents\NEvents Test 1\__vm\.NEvents Test 1.vsarduino.h(16,1): message : '__AVR_atmega328p__' previously declared on the command line
C:\Users\sandr\source\repos\Narwhalsss360\NarsLibs\NALibs\Tests\NEvents\NEvents Test 1\__vm\.NEvents Test 1.vsarduino.h(17,1): warning C4005: '__AVR_ATmega328P__': macro redefinition
C:\Users\sandr\source\repos\Narwhalsss360\NarsLibs\NALibs\Tests\NEvents\NEvents Test 1\__vm\.NEvents Test 1.vsarduino.h(17,1): message : '__AVR_ATmega328P__' previously declared on the command line
C:\Users\sandr\source\repos\Narwhalsss360\NarsLibs\NALibs\Tests\NEvents\NEvents Test 1\__vm\.NEvents Test 1.vsarduino.h(18,1): warning C4005: '__AVR_ATmega328p__': macro redefinition
C:\Users\sandr\source\repos\Narwhalsss360\NarsLibs\NALibs\Tests\NEvents\NEvents Test 1\__vm\.NEvents Test 1.vsarduino.h(18,1): message : '__AVR_ATmega328p__' previously declared on the command line
C:\Users\sandr\source\repos\Narwhalsss360\NarsLibs\NALibs\Tests\NEvents\NEvents Test 1\__vm\.NEvents Test 1.vsarduino.h(21,1): warning C4005: 'ARDUINO_AVR_UNO': macro redefinition
C:\Users\sandr\source\repos\Narwhalsss360\NarsLibs\NALibs\Tests\NEvents\NEvents Test 1\__vm\.NEvents Test 1.vsarduino.h(21,1): message : 'ARDUINO_AVR_UNO' previously declared on the command line
C:\Users\sandr\source\repos\Narwhalsss360\NarsLibs\NALibs\Tests\NEvents\NEvents Test 1\__vm\.NEvents Test 1.vsarduino.h(22,1): warning C4005: 'ARDUINO_ARCH_AVR': macro redefinition
C:\Users\sandr\source\repos\Narwhalsss360\NarsLibs\NALibs\Tests\NEvents\NEvents Test 1\__vm\.NEvents Test 1.vsarduino.h(22,1): message : 'ARDUINO_ARCH_AVR' previously declared on the command line
C:\Users\sandr\source\repos\Narwhalsss360\NarsLibs\NALibs\Tests\NEvents\NEvents Test 1\__vm\.NEvents Test 1.vsarduino.h(23,1): warning C4117: macro name '__cplusplus' is reserved, '#define' ignored
C:\Users\sandr\source\repos\Narwhalsss360\NarsLibs\NALibs\Tests\NEvents\NEvents Test 1\__vm\.NEvents Test 1.vsarduino.h(32,1): warning C4117: macro name '__cplusplus' is reserved, '#undef' ignored
C:\Users\sandr\source\repos\Narwhalsss360\NarsLibs\NALibs\Tests\NEvents\NEvents Test 1\__vm\.NEvents Test 1.vsarduino.h(33,1): warning C4117: macro name '__cplusplus' is reserved, '#define' ignored
C:\Users\sandr\AppData\Local\arduino15\packages\arduino\tools\avr-gcc\7.3.0-atmel3.6.1-arduino7\lib\gcc\avr\7.3.0\include\stddef.h(216,23): error C2371: 'size_t': redefinition; different basic types
C:\Users\sandr\source\repos\Narwhalsss360\NarsLibs\NALibs\Tests\NEvents\NEvents Test 1\predefined C++ types (compiler internal)(16): message : see declaration of 'size_t'
C:\Users\sandr\AppData\Local\arduino15\packages\arduino\tools\avr-gcc\7.3.0-atmel3.6.1-arduino7\avr\include\stdlib.h(73,3): error C2371: 'div_t': redefinition; different basic types
C:\Users\sandr\source\repos\Narwhalsss360\NarsLibs\NALibs\Tests\NEvents\NEvents Test 1\__vm\.NEvents Test 1.vsarduino.h(65): message : see declaration of 'div_t'
C:\Users\sandr\AppData\Local\arduino15\packages\arduino\tools\avr-gcc\7.3.0-atmel3.6.1-arduino7\avr\include\stdlib.h(79,3): error C2371: 'ldiv_t': redefinition; different basic types
C:\Users\sandr\source\repos\Narwhalsss360\NarsLibs\NALibs\Tests\NEvents\NEvents Test 1\__vm\.NEvents Test 1.vsarduino.h(66): message : see declaration of 'ldiv_t'
C:\Users\sandr\AppData\Local\arduino15\packages\arduino\tools\avr-gcc\7.3.0-atmel3.6.1-arduino7\lib\gcc\avr\7.3.0\include\stdint.h(9,1): fatal error C1021: invalid preprocessor command 'include_next'
  Generating Code...
